2022-07-04 09:48:37;[32minfo[39m;"Started in port 3000"}
2022-07-04 09:48:40;[32minfo[39m;undefined}
2022-07-04 09:48:40;[31merror[39m;"TypeError: The \"config.server\" property is required and must be of type string."}
2022-07-04 09:48:58;[32minfo[39m;"Started in port 3000"}
2022-07-04 09:48:59;[32minfo[39m;undefined}
2022-07-04 09:48:59;[31merror[39m;[{"ID":"2C0732EF-5C75-40E6-BEDA-21525488200D","IMAGEN_URL":"https://imgur.com/a/7RvLwqQ","NOMBRE":"Philip J. Fry","EDAD":31,"PESO":80,"HISTORIA":"Philip James Fry (normalmente conocido como Fry) es el protagonista de Futurama, la serie de animación para televisión creada por Matt Groening, creador de Los Simpson. Fry es un joven repartidor de pizza en el año 1999 que, por accidente, cae en una cámara criogénica y queda congelado por espacio de 1000 años. Se despierta en el año 2999 y, después de conocer a Leela y Bender, empieza a trabajar como repartidor en la empresa de mensajería interplanetaria Planet Express. Sobrevivió a un infarto."},{"ID":"9D773E53-91A9-4A48-B073-652C1A5CC526","IMAGEN_URL":"https://imgur.com/VfHz6pZ","NOMBRE":"Homero Simpson","EDAD":37,"PESO":120,"HISTORIA":"Homer Jay Simpson (Homero J. Simpson en Hispanoamérica y Homer J. Simpson en España) es un personaje ficticio protagonista de la serie de televisión de dibujos animados Los Simpson. Es el padre de la familia protagonista y uno de los personajes centrales y más importantes de la serie. Fue creado por el dibujante Matt Groening e hizo su debut en televisión el 19 de abril de 1987, en el corto Good Night del programa El show de Tracey Ullman. Su segundo nombre es un juego de palabras; durante muchas temporadas no se supo qué había detrás de la J hasta que en el capítulo «D'oh-in' In the Wind» descubre que su segundo nombre es Jay (nombre en inglés de la letra j); de este modo, cuando Homer pronuncia en inglés su propio nombre, no se distingue si da la letra inicial del segundo nombre o este al completo."}]}
2022-07-04 09:50:20;[32minfo[39m;"Started in port 3000"}
2022-07-04 10:06:12;[32minfo[39m;"Started in port 3000"}
2022-07-04 10:06:13;[32minfo[39m;undefined}
2022-07-04 10:06:13;[31merror[39m;[{"ID":"2C0732EF-5C75-40E6-BEDA-21525488200D","IMAGEN_URL":"https://imgur.com/a/7RvLwqQ","NOMBRE":"Philip J. Fry","EDAD":31,"PESO":80,"HISTORIA":"Philip James Fry (normalmente conocido como Fry) es el protagonista de Futurama, la serie de animación para televisión creada por Matt Groening, creador de Los Simpson. Fry es un joven repartidor de pizza en el año 1999 que, por accidente, cae en una cámara criogénica y queda congelado por espacio de 1000 años. Se despierta en el año 2999 y, después de conocer a Leela y Bender, empieza a trabajar como repartidor en la empresa de mensajería interplanetaria Planet Express. Sobrevivió a un infarto."},{"ID":"9D773E53-91A9-4A48-B073-652C1A5CC526","IMAGEN_URL":"https://imgur.com/VfHz6pZ","NOMBRE":"Homero Simpson","EDAD":37,"PESO":120,"HISTORIA":"Homer Jay Simpson (Homero J. Simpson en Hispanoamérica y Homer J. Simpson en España) es un personaje ficticio protagonista de la serie de televisión de dibujos animados Los Simpson. Es el padre de la familia protagonista y uno de los personajes centrales y más importantes de la serie. Fue creado por el dibujante Matt Groening e hizo su debut en televisión el 19 de abril de 1987, en el corto Good Night del programa El show de Tracey Ullman. Su segundo nombre es un juego de palabras; durante muchas temporadas no se supo qué había detrás de la J hasta que en el capítulo «D'oh-in' In the Wind» descubre que su segundo nombre es Jay (nombre en inglés de la letra j); de este modo, cuando Homer pronuncia en inglés su propio nombre, no se distingue si da la letra inicial del segundo nombre o este al completo."}]}
2022-07-04 10:07:10;[32minfo[39m;"Started in port 3000"}
2022-07-04 10:07:14;[32minfo[39m;undefined}
2022-07-04 10:07:14;[32minfo[39m;[{"":null}]}
2022-07-04 10:07:35;[32minfo[39m;undefined}
2022-07-04 10:07:35;[32minfo[39m;[{"":null}]}
2022-07-04 10:10:01;[32minfo[39m;"Started in port 3000"}
2022-07-04 10:10:07;[32minfo[39m;undefined}
2022-07-04 10:10:07;[31merror[39m;[{"ID":"818A43C2-AF07-4770-A055-0B63B7B4ACB5","IMAGEN_URL":"https://imgur.com/a/7RvLwqQ","NOMBRE":"Philip J. Fry,","EDAD":31,"PESO":80,"HISTORIA":"Philip James Fry (normalmente conocido como Fry) es el protagonista de Futurama, la serie de animación para televisión creada por Matt Groening, creador de Los Simpson. Fry es un joven repartidor de pizza en el año 1999 que, por accidente, cae en una cámara criogénica y queda congelado por espacio de 1000 años. Se despierta en el año 2999 y, después de conocer a Leela y Bender, empieza a trabajar como repartidor en la empresa de mensajería interplanetaria Planet Express. Sobrevivió a un infarto."},{"ID":"2C0732EF-5C75-40E6-BEDA-21525488200D","IMAGEN_URL":"https://imgur.com/a/7RvLwqQ","NOMBRE":"Philip J. Fry","EDAD":31,"PESO":80,"HISTORIA":"Philip James Fry (normalmente conocido como Fry) es el protagonista de Futurama, la serie de animación para televisión creada por Matt Groening, creador de Los Simpson. Fry es un joven repartidor de pizza en el año 1999 que, por accidente, cae en una cámara criogénica y queda congelado por espacio de 1000 años. Se despierta en el año 2999 y, después de conocer a Leela y Bender, empieza a trabajar como repartidor en la empresa de mensajería interplanetaria Planet Express. Sobrevivió a un infarto."},{"ID":"9D773E53-91A9-4A48-B073-652C1A5CC526","IMAGEN_URL":"https://imgur.com/VfHz6pZ","NOMBRE":"Homero Simpson","EDAD":37,"PESO":120,"HISTORIA":"Homer Jay Simpson (Homero J. Simpson en Hispanoamérica y Homer J. Simpson en España) es un personaje ficticio protagonista de la serie de televisión de dibujos animados Los Simpson. Es el padre de la familia protagonista y uno de los personajes centrales y más importantes de la serie. Fue creado por el dibujante Matt Groening e hizo su debut en televisión el 19 de abril de 1987, en el corto Good Night del programa El show de Tracey Ullman. Su segundo nombre es un juego de palabras; durante muchas temporadas no se supo qué había detrás de la J hasta que en el capítulo «D'oh-in' In the Wind» descubre que su segundo nombre es Jay (nombre en inglés de la letra j); de este modo, cuando Homer pronuncia en inglés su propio nombre, no se distingue si da la letra inicial del segundo nombre o este al completo."},{"ID":"13EBF566-F3D4-4A21-8E28-BD8771C1406C","IMAGEN_URL":"https://imgur.com/a/7RvLwqQ","NOMBRE":"Philip J. Fry,","EDAD":31,"PESO":80,"HISTORIA":"Philip James Fry (normalmente conocido como Fry) es el protagonista de Futurama, la serie de animación para televisión creada por Matt Groening, creador de Los Simpson. Fry es un joven repartidor de pizza en el año 1999 que, por accidente, cae en una cámara criogénica y queda congelado por espacio de 1000 años. Se despierta en el año 2999 y, después de conocer a Leela y Bender, empieza a trabajar como repartidor en la empresa de mensajería interplanetaria Planet Express. Sobrevivió a un infarto."}]}
2022-07-04 10:10:13;[32minfo[39m;undefined}
2022-07-04 10:10:13;[32minfo[39m;[{"":null}]}
2022-07-04 10:10:46;[32minfo[39m;"Started in port 3000"}
2022-07-04 10:10:50;[32minfo[39m;undefined}
2022-07-04 10:10:51;[32minfo[39m;[{"":null}]}
2022-07-04 10:11:51;[32minfo[39m;"Started in port 3000"}
2022-07-04 10:11:57;[32minfo[39m;undefined}
2022-07-04 10:11:57;[31merror[39m;"RequestError: Explicit conversion from data type numeric to uniqueidentifier is not allowed."}
2022-07-04 10:14:55;[32minfo[39m;"Started in port 3000"}
2022-07-04 10:14:57;[32minfo[39m;undefined}
2022-07-04 10:14:57;[32minfo[39m;[{"":null}]}
2022-07-04 10:16:30;[32minfo[39m;"Started in port 3000"}
2022-07-04 10:21:53;[32minfo[39m;"Started in port 3000"}
2022-07-04 10:21:59;[32minfo[39m;undefined}
2022-07-04 10:21:59;[31merror[39m;"RequestError: The multi-part identifier \"inserted.Id\" could not be bound."}
2022-07-04 10:30:11;[32minfo[39m;"Started in port 3000"}
2022-07-04 10:30:20;[32minfo[39m;"Started in port 3000"}
2022-07-04 10:31:05;[32minfo[39m;undefined}
2022-07-04 10:31:05;[32minfo[39m;[{"testID":"46AD3E2B-9DA3-4A5B-8482-FFE71F8DA5BE"}]}
2022-07-04 10:31:27;[32minfo[39m;"Started in port 3000"}
2022-07-04 10:31:31;[32minfo[39m;"Started in port 3000"}
2022-07-04 10:31:33;[32minfo[39m;undefined}
2022-07-04 10:31:33;[32minfo[39m;[{"testID":"DFA67A62-B501-47C6-AC8D-03FEACD32916"}]}
2022-07-04 10:31:43;[32minfo[39m;"Started in port 3000"}
2022-07-04 10:31:44;[32minfo[39m;undefined}
2022-07-04 10:31:44;[32minfo[39m;[{"testID":"AEC65CD6-59DF-4B33-9CC7-4417764A7C23"}]}
2022-07-07 08:26:25;[32minfo[39m;"Started in port 3000"}
2022-07-07 08:26:43;[32minfo[39m;"Started in port 3000"}
2022-07-07 08:26:48;[32minfo[39m;"Started in port 3000"}
2022-07-07 08:29:59;[32minfo[39m;"Started in port 3000"}
2022-07-07 08:30:00;[32minfo[39m;"Started in port 3000"}
2022-07-07 08:30:27;[32minfo[39m;"Started in port 3000"}
2022-07-07 08:30:41;[32minfo[39m;"Started in port 3000"}
2022-07-07 08:30:42;[32minfo[39m;"Started in port 3000"}
2022-07-07 08:31:32;[32minfo[39m;undefined}
2022-07-07 08:32:25;[32minfo[39m;"Started in port 3000"}
2022-07-07 08:32:25;[32minfo[39m;undefined}
2022-07-07 08:32:48;[32minfo[39m;"Started in port 3000"}
2022-07-07 08:32:59;[32minfo[39m;undefined}
2022-07-07 08:33:13;[32minfo[39m;"Started in port 3000"}
2022-07-07 08:33:17;[32minfo[39m;undefined}
2022-07-07 08:33:17;[32minfo[39m;undefined}
2022-07-07 08:33:17;[32minfo[39m;undefined}
2022-07-07 08:33:17;[32minfo[39m;undefined}
2022-07-07 08:33:29;[32minfo[39m;"Started in port 3000"}
2022-07-07 08:33:30;[32minfo[39m;undefined}
2022-07-07 08:33:59;[32minfo[39m;"Started in port 3000"}
2022-07-07 08:34:03;[32minfo[39m;"Started in port 3000"}
2022-07-07 08:34:09;[32minfo[39m;undefined}
2022-07-07 08:34:09;[32minfo[39m;undefined}
2022-07-07 08:34:09;[32minfo[39m;undefined}
2022-07-07 08:34:52;[32minfo[39m;undefined}
2022-07-07 08:34:52;[32minfo[39m;undefined}
2022-07-07 08:34:52;[32minfo[39m;undefined}
2022-07-07 08:34:53;[32minfo[39m;undefined}
2022-07-07 08:34:53;[32minfo[39m;undefined}
2022-07-07 08:34:53;[32minfo[39m;undefined}
2022-07-07 08:35:15;[32minfo[39m;"Started in port 3000"}
2022-07-07 08:35:16;[32minfo[39m;undefined}
2022-07-07 08:35:16;[32minfo[39m;undefined}
2022-07-07 08:35:16;[32minfo[39m;undefined}
2022-07-07 08:49:14;[32minfo[39m;"Started in port 3000"}
2022-07-07 08:49:21;[32minfo[39m;"Started in port 3000"}
2022-07-07 08:49:23;[32minfo[39m;undefined}
2022-07-07 08:49:23;[32minfo[39m;undefined}
2022-07-07 08:49:23;[32minfo[39m;undefined}
2022-07-07 08:49:32;[32minfo[39m;undefined}
2022-07-07 08:49:47;[32minfo[39m;undefined}
2022-07-07 08:49:47;[31merror[39m;"ConnectionError: Failed to connect to A-CIDI-157:1433 in 15000ms"}
2022-07-07 08:49:51;[32minfo[39m;undefined}
2022-07-07 08:50:06;[31merror[39m;"ConnectionError: Failed to connect to A-CIDI-157:1433 in 15000ms"}
2022-07-07 08:50:28;[32minfo[39m;"Started in port 3000"}
2022-07-07 08:50:30;[32minfo[39m;undefined}
2022-07-07 08:50:30;[31merror[39m;"RequestError: Invalid object name 'PERSONAJES'."}
2022-07-07 08:50:45;[32minfo[39m;undefined}
2022-07-07 08:50:45;[32minfo[39m;undefined}
2022-07-07 08:50:45;[32minfo[39m;undefined}
2022-07-07 08:56:12;[32minfo[39m;"Started in port 3000"}
2022-07-07 08:56:36;[32minfo[39m;"Started in port 3000"}
2022-07-07 08:56:45;[32minfo[39m;undefined}
2022-07-07 08:57:07;[32minfo[39m;"Started in port 3000"}
2022-07-07 08:57:09;[32minfo[39m;"Started in port 3000"}
2022-07-07 08:57:10;[32minfo[39m;undefined}
2022-07-07 08:57:20;[32minfo[39m;"Started in port 3000"}
2022-07-07 08:57:21;[32minfo[39m;undefined}
2022-07-07 08:57:21;[32minfo[39m;undefined}
2022-07-07 08:57:21;[32minfo[39m;undefined}
2022-07-07 09:02:22;[32minfo[39m;"Started in port 3000"}
2022-07-07 09:02:23;[32minfo[39m;undefined}
2022-07-07 09:02:23;[32minfo[39m;undefined}
2022-07-07 09:02:23;[32minfo[39m;undefined}
2022-07-07 09:03:17;[32minfo[39m;undefined}
2022-07-07 09:03:17;[32minfo[39m;undefined}
2022-07-07 09:04:56;[32minfo[39m;"Started in port 3000"}
2022-07-07 09:05:21;[32minfo[39m;"Started in port 3000"}
2022-07-07 09:05:28;[32minfo[39m;"Started in port 3000"}
2022-07-07 09:05:30;[32minfo[39m;undefined}
2022-07-07 09:06:05;[32minfo[39m;"Started in port 3000"}
2022-07-07 09:06:08;[32minfo[39m;undefined}
2022-07-07 09:06:09;[31merror[39m;"RequestError: Invalid object name 'PERSONAJES'."}
2022-07-07 09:06:09;[32minfo[39m;undefined}
2022-07-07 09:06:10;[32minfo[39m;undefined}
2022-07-07 09:06:10;[32minfo[39m;undefined}
2022-07-07 09:06:29;[32minfo[39m;"Started in port 3000"}
2022-07-07 09:06:30;[32minfo[39m;undefined}
2022-07-07 09:06:30;[32minfo[39m;undefined}
2022-07-07 09:06:30;[32minfo[39m;undefined}
2022-07-07 09:07:10;[32minfo[39m;"Started in port 3000"}
2022-07-07 09:07:12;[32minfo[39m;undefined}
2022-07-07 09:07:12;[32minfo[39m;undefined}
2022-07-07 09:07:12;[32minfo[39m;undefined}
2022-07-07 09:07:37;[32minfo[39m;"Started in port 3000"}
2022-07-07 09:07:49;[32minfo[39m;undefined}
2022-07-07 09:07:49;[32minfo[39m;undefined}
2022-07-07 09:07:49;[32minfo[39m;undefined}
2022-07-07 09:08:01;[32minfo[39m;undefined}
2022-07-07 09:08:01;[32minfo[39m;undefined}
2022-07-07 09:08:01;[32minfo[39m;undefined}
2022-07-07 09:08:01;[32minfo[39m;undefined}
2022-07-07 09:08:10;[32minfo[39m;undefined}
2022-07-07 09:08:36;[32minfo[39m;undefined}
2022-07-07 09:08:36;[32minfo[39m;undefined}
2022-07-07 09:08:36;[32minfo[39m;undefined}
2022-07-07 09:08:36;[32minfo[39m;undefined}
2022-07-07 09:08:47;[32minfo[39m;undefined}
2022-07-07 09:08:47;[32minfo[39m;undefined}
2022-07-07 09:08:47;[32minfo[39m;undefined}
2022-07-07 09:08:49;[32minfo[39m;undefined}
2022-07-07 09:08:49;[32minfo[39m;undefined}
2022-07-07 09:08:49;[32minfo[39m;undefined}
2022-07-07 09:09:19;[32minfo[39m;"Started in port 3000"}
2022-07-07 09:09:21;[32minfo[39m;undefined}
2022-07-07 09:09:21;[32minfo[39m;undefined}
2022-07-07 09:09:21;[32minfo[39m;undefined}
2022-07-07 09:09:30;[32minfo[39m;undefined}
2022-07-07 09:09:30;[32minfo[39m;undefined}
2022-07-07 09:09:30;[32minfo[39m;undefined}
2022-07-07 09:09:30;[32minfo[39m;undefined}
2022-07-07 09:10:18;[32minfo[39m;"Started in port 3000"}
2022-07-07 09:10:19;[32minfo[39m;undefined}
2022-07-07 09:10:19;[32minfo[39m;undefined}
2022-07-07 09:10:19;[32minfo[39m;undefined}
2022-07-07 09:10:19;[32minfo[39m;undefined}
2022-07-07 09:10:38;[32minfo[39m;"Started in port 3000"}
2022-07-07 09:10:42;[32minfo[39m;"Started in port 3000"}
2022-07-07 09:10:43;[32minfo[39m;undefined}
2022-07-07 09:10:43;[32minfo[39m;undefined}
2022-07-07 09:10:43;[32minfo[39m;undefined}
2022-07-07 09:10:43;[32minfo[39m;undefined}
2022-07-07 09:11:09;[32minfo[39m;"Started in port 3000"}
2022-07-07 09:11:10;[32minfo[39m;"Started in port 3000"}
2022-07-07 09:11:16;[32minfo[39m;"Started in port 3000"}
2022-07-07 09:11:18;[32minfo[39m;undefined}
2022-07-07 09:11:18;[32minfo[39m;undefined}
2022-07-07 09:11:18;[32minfo[39m;undefined}
2022-07-07 09:11:18;[32minfo[39m;undefined}
2022-07-07 09:11:23;[32minfo[39m;"Started in port 3000"}
2022-07-07 09:11:24;[32minfo[39m;undefined}
2022-07-07 09:11:24;[32minfo[39m;undefined}
2022-07-07 09:11:24;[32minfo[39m;undefined}
2022-07-07 09:11:24;[32minfo[39m;undefined}
2022-07-07 09:11:40;[32minfo[39m;"Started in port 3000"}
2022-07-07 09:11:40;[32minfo[39m;undefined}
2022-07-07 09:11:40;[32minfo[39m;undefined}
2022-07-07 09:11:40;[32minfo[39m;undefined}
2022-07-07 09:11:40;[32minfo[39m;undefined}
2022-07-07 09:13:27;[32minfo[39m;"Started in port 3000"}
2022-07-07 09:13:29;[32minfo[39m;undefined}
2022-07-07 09:13:29;[32minfo[39m;undefined}
2022-07-07 09:13:29;[32minfo[39m;undefined}
2022-07-07 09:13:29;[32minfo[39m;undefined}
2022-07-07 09:16:11;[32minfo[39m;"Started in port 3000"}
2022-07-07 09:16:11;[32minfo[39m;undefined}
2022-07-07 09:16:11;[32minfo[39m;undefined}
2022-07-07 09:16:11;[32minfo[39m;undefined}
2022-07-07 09:16:11;[32minfo[39m;undefined}
2022-07-07 09:16:11;[32minfo[39m;undefined}
2022-07-07 09:17:23;[32minfo[39m;"Started in port 3000"}
2022-07-07 09:17:26;[32minfo[39m;undefined}
2022-07-07 09:17:26;[32minfo[39m;undefined}
2022-07-07 09:17:26;[32minfo[39m;undefined}
2022-07-07 09:17:26;[32minfo[39m;undefined}
2022-07-07 09:19:06;[32minfo[39m;undefined}
2022-07-07 09:19:06;[32minfo[39m;undefined}
2022-07-07 09:19:06;[32minfo[39m;undefined}
2022-07-07 09:19:06;[32minfo[39m;undefined}
2022-07-07 09:19:06;[32minfo[39m;undefined}
2022-07-07 09:19:18;[32minfo[39m;undefined}
2022-07-07 09:19:18;[32minfo[39m;undefined}
2022-07-07 09:19:18;[32minfo[39m;undefined}
2022-07-07 09:19:18;[32minfo[39m;undefined}
2022-07-07 09:22:22;[32minfo[39m;"Started in port 3000"}
2022-07-07 09:22:31;[32minfo[39m;"Started in port 3000"}
2022-07-07 09:22:38;[32minfo[39m;"Started in port 3000"}
2022-07-11 08:25:27;[32minfo[39m;"Started in port 3000"}
2022-07-11 08:27:04;[32minfo[39m;"Started in port 3000"}
2022-07-11 08:27:19;[32minfo[39m;"Started in port 3000"}
2022-07-11 08:29:48;[32minfo[39m;"Started in port 3000"}
2022-07-11 08:30:10;[32minfo[39m;"Started in port 3000"}
2022-07-11 08:32:13;[32minfo[39m;"Started in port 3000"}
2022-07-11 08:36:59;[32minfo[39m;undefined}
2022-07-11 08:37:20;[32minfo[39m;undefined}
2022-07-11 08:37:20;[31merror[39m;[{"ID":"2C0732EF-5C75-40E6-BEDA-21525488200D","IMAGEN_URL":"https://imgur.com/a/7RvLwqQ","NOMBRE":"Philip J. Fry","EDAD":31,"PESO":80,"HISTORIA":"Philip James Fry (normalmente conocido como Fry) es el protagonista de Futurama, la serie de animación para televisión creada por Matt Groening, creador de Los Simpson. Fry es un joven repartidor de pizza en el año 1999 que, por accidente, cae en una cámara criogénica y queda congelado por espacio de 1000 años. Se despierta en el año 2999 y, después de conocer a Leela y Bender, empieza a trabajar como repartidor en la empresa de mensajería interplanetaria Planet Express. Sobrevivió a un infarto."},{"ID":"9D773E53-91A9-4A48-B073-652C1A5CC526","IMAGEN_URL":"https://imgur.com/VfHz6pZ","NOMBRE":"Homero Simpson","EDAD":37,"PESO":120,"HISTORIA":"Homer Jay Simpson (Homero J. Simpson en Hispanoamérica y Homer J. Simpson en España) es un personaje ficticio protagonista de la serie de televisión de dibujos animados Los Simpson. Es el padre de la familia protagonista y uno de los personajes centrales y más importantes de la serie. Fue creado por el dibujante Matt Groening e hizo su debut en televisión el 19 de abril de 1987, en el corto Good Night del programa El show de Tracey Ullman. Su segundo nombre es un juego de palabras; durante muchas temporadas no se supo qué había detrás de la J hasta que en el capítulo «D'oh-in' In the Wind» descubre que su segundo nombre es Jay (nombre en inglés de la letra j); de este modo, cuando Homer pronuncia en inglés su propio nombre, no se distingue si da la letra inicial del segundo nombre o este al completo."}]}
2022-07-11 08:38:49;[32minfo[39m;undefined}
2022-07-11 08:38:49;[31merror[39m;"RequestError: Incorrect syntax near 'C0732EF'."}
2022-07-11 08:38:58;[32minfo[39m;undefined}
2022-07-11 08:38:58;[31merror[39m;"RequestError: Incorrect syntax near 'C0732EF5C7540E6BEDA21525488200D'."}
2022-07-11 08:39:54;[32minfo[39m;"Started in port 3000"}
2022-07-11 08:40:47;[32minfo[39m;undefined}
2022-07-11 08:40:47;[31merror[39m;"RequestError: Invalid column name 'undefined'."}
2022-07-11 08:45:53;[32minfo[39m;"Started in port 3000"}
2022-07-11 08:47:55;[32minfo[39m;"Started in port 3000"}
2022-07-11 08:47:57;[32minfo[39m;undefined}
2022-07-11 08:47:57;[31merror[39m;"RequestError: Conversion failed when converting from a character string to uniqueidentifier."}
2022-07-11 08:52:12;[32minfo[39m;undefined}
2022-07-11 08:52:12;[31merror[39m;"RequestError: Conversion failed when converting from a character string to uniqueidentifier."}
2022-07-11 08:54:03;[32minfo[39m;"Started in port 3000"}
2022-07-11 08:54:09;[32minfo[39m;"Started in port 3000"}
2022-07-11 08:56:05;[32minfo[39m;"Started in port 3000"}
2022-07-11 08:56:14;[32minfo[39m;"Started in port 3000"}
2022-07-11 08:56:17;[32minfo[39m;undefined}
2022-07-11 08:56:17;[31merror[39m;"RequestError: Conversion failed when converting from a character string to uniqueidentifier."}
2022-07-12 08:09:27;[32minfo[39m;"Started in port 3000"}
2022-07-12 08:09:37;[32minfo[39m;"Started in port 3000"}
2022-07-12 08:11:37;[32minfo[39m;"Started in port 3000"}
2022-07-12 08:12:24;[32minfo[39m;"Started in port 3000"}
2022-07-12 08:13:41;[32minfo[39m;"Started in port 3000"}
2022-07-12 08:14:39;[32minfo[39m;"Started in port 3000"}
2022-07-12 08:16:38;[32minfo[39m;"Started in port 3000"}
2022-07-12 08:16:39;[31merror[39m;"ConnectionError: Login failed for user 'usuario'."}
2022-07-12 08:17:15;[32minfo[39m;"Started in port 3000"}
2022-07-12 08:17:38;[31merror[39m;"TypeError: Cannot read properties of undefined (reading 'logInfo')"}
2022-07-12 08:18:11;[32minfo[39m;"Started in port 3000"}
2022-07-12 08:18:11;[32minfo[39m;[]}
2022-07-12 08:19:46;[32minfo[39m;[]}
2022-07-12 08:22:50;[31merror[39m;"RequestError: The multi-part identifier \"inserted.Id\" could not be bound."}
2022-07-12 08:25:51;[32minfo[39m;"Started in port 3000"}
2022-07-12 08:25:53;[31merror[39m;"RequestError: The multi-part identifier \"inserted.ID\" could not be bound."}
2022-07-12 08:26:59;[32minfo[39m;"Started in port 3000"}
2022-07-12 08:27:02;[31merror[39m;"RequestError: Incorrect syntax near the keyword 'SELECT'."}
2022-07-12 08:27:20;[32minfo[39m;"Started in port 3000"}
2022-07-12 08:27:22;[32minfo[39m;[{"":1}]}
2022-07-12 08:27:28;[32minfo[39m;[{"ID":1,"IMAGEN_URL":"https://imgur.com/VfHz6pZ","NOMBRE":"Homero Simpson,","EDAD":37,"PESO":120,"HISTORIA":"Homer Jay Simpson (Homero J. Simpson en Hispanoamérica y Homer J. Simpson en España) es un personaje ficticio protagonista de la serie de televisión de dibujos animados Los Simpson. Es el padre de la familia protagonista y uno de los personajes centrales y más importantes de la serie. Fue creado por el dibujante Matt Groening e hizo su debut en televisión el 19 de abril de 1987, en el corto Good Night del programa El show de Tracey Ullman. Su segundo nombre es un juego de palabras; durante muchas temporadas no se supo qué había detrás de la J hasta que en el capítulo «D'oh-in' In the Wind» descubre que su segundo nombre es Jay (nombre en inglés de la letra j); de este modo, cuando Homer pronuncia en inglés su propio nombre, no se distingue si da la letra inicial del segundo nombre o este al completo."}]}
2022-07-12 08:28:58;[32minfo[39m;"Started in port 3000"}
2022-07-12 08:29:00;[32minfo[39m;undefined}
2022-07-12 08:29:00;[31merror[39m;"TypeError: Cannot read properties of undefined (reading '0')"}
2022-07-12 08:29:23;[32minfo[39m;"Started in port 3000"}
2022-07-12 08:29:39;[32minfo[39m;undefined}
2022-07-12 08:29:39;[31merror[39m;"TypeError: Cannot read properties of undefined (reading '0')"}
2022-07-12 08:30:26;[32minfo[39m;"Started in port 3000"}
2022-07-12 08:30:46;[32minfo[39m;[{"":2}]}
2022-07-12 08:31:03;[32minfo[39m;undefined}
2022-07-12 08:31:03;[31merror[39m;"TypeError: Cannot read properties of undefined (reading '0')"}
2022-07-12 08:31:45;[32minfo[39m;"Started in port 3000"}
2022-07-12 08:31:49;[32minfo[39m;"Started in port 3000"}
2022-07-12 08:31:58;[32minfo[39m;"Started in port 3000"}
2022-07-12 08:31:59;[32minfo[39m;"DELETED SUCCESFULLY"}
2022-07-12 08:32:03;[32minfo[39m;"DELETED SUCCESFULLY"}
2022-07-12 08:32:32;[32minfo[39m;"Started in port 3000"}
2022-07-12 08:32:49;[32minfo[39m;"Started in port 3000"}
2022-07-12 08:32:53;[32minfo[39m;"DELETED SUCCESFULLY"}
2022-07-12 08:32:56;[32minfo[39m;"DELETED SUCCESFULLY"}
2022-07-12 08:33:13;[32minfo[39m;"DELETED SUCCESFULLY"}
2022-07-12 08:33:56;[32minfo[39m;"Started in port 3000"}
2022-07-12 08:33:59;[32minfo[39m;"Started in port 3000"}
2022-07-12 08:34:01;[32minfo[39m;"DELETED SUCCESFULLY"}
2022-07-12 08:34:22;[32minfo[39m;[{"":3}]}
2022-07-12 08:34:33;[32minfo[39m;"DELETED SUCCESFULLY"}
2022-07-12 08:34:44;[32minfo[39m;"Started in port 3000"}
2022-07-12 08:34:46;[32minfo[39m;"DELETED SUCCESFULLY"}
2022-07-12 08:34:54;[32minfo[39m;"Started in port 3000"}
2022-07-12 08:34:55;[32minfo[39m;"DELETED SUCCESFULLY"}
2022-07-12 08:35:04;[32minfo[39m;[{"":4}]}
2022-07-12 08:35:09;[32minfo[39m;"DELETED SUCCESFULLY"}
2022-07-12 08:35:16;[32minfo[39m;"DELETED SUCCESFULLY"}
2022-07-12 08:36:14;[32minfo[39m;"Started in port 3000"}
2022-07-12 08:36:17;[31merror[39m;"ReferenceError: loggerUtils is not defined"}
2022-07-12 08:36:26;[32minfo[39m;"Started in port 3000"}
2022-07-12 08:36:26;[32minfo[39m;"ERROR :C"}
2022-07-12 08:36:53;[32minfo[39m;"Started in port 3000"}
2022-07-12 08:36:56;[31merror[39m;"TypeError: Cannot read properties of undefined (reading 'recordset')"}
2022-07-12 08:37:07;[32minfo[39m;"Started in port 3000"}
2022-07-12 08:37:08;[31merror[39m;"TypeError: Cannot read properties of undefined (reading 'recordset')"}
2022-07-12 08:37:16;[32minfo[39m;"Started in port 3000"}
2022-07-12 08:37:18;[31merror[39m;"TypeError: Cannot read properties of undefined (reading 'recordset')"}
2022-07-12 08:37:24;[32minfo[39m;"Started in port 3000"}
2022-07-12 08:37:26;[31merror[39m;"TypeError: Cannot read properties of undefined (reading 'recordset')"}
2022-07-12 08:37:39;[32minfo[39m;"Started in port 3000"}
2022-07-12 08:37:40;[31merror[39m;"TypeError: Cannot read properties of undefined (reading 'recordset')"}
2022-07-12 08:37:45;[32minfo[39m;"Started in port 3000"}
2022-07-12 08:37:48;[31merror[39m;"TypeError: Cannot read properties of undefined (reading 'recordset')"}
2022-07-12 08:38:12;[32minfo[39m;"Started in port 3000"}
2022-07-12 08:38:13;[31merror[39m;"TypeError: Cannot read properties of undefined (reading 'recordset')"}
2022-07-12 08:40:04;[32minfo[39m;"Started in port 3000"}
2022-07-12 08:40:06;[31merror[39m;"RequestError: Incorrect syntax near 'OUTPUT'."}
2022-07-12 08:40:12;[32minfo[39m;"Started in port 3000"}
2022-07-12 08:40:13;[31merror[39m;"RequestError: Incorrect syntax near 'OUTPUT'."}
2022-07-12 08:41:00;[32minfo[39m;"Started in port 3000"}
2022-07-12 08:41:03;[32minfo[39m;"Started in port 3000"}
2022-07-12 08:41:11;[32minfo[39m;"Started in port 3000"}
2022-07-12 08:41:13;[31merror[39m;"RequestError: Incorrect syntax near 'OUTPUT'."}
2022-07-12 08:41:47;[32minfo[39m;"Started in port 3000"}
2022-07-12 08:41:48;[31merror[39m;"RequestError"}
2022-07-12 08:41:58;[31merror[39m;"RequestError"}
2022-07-12 08:42:07;[32minfo[39m;"Started in port 3000"}
2022-07-12 08:42:08;[31merror[39m;"RequestError: Incorrect syntax near 'SCOPE_IDENTITY'."}
2022-07-12 08:42:14;[32minfo[39m;"Started in port 3000"}
2022-07-12 08:42:15;[31merror[39m;"TypeError: Cannot read properties of undefined (reading 'recordset')"}
2022-07-12 08:42:32;[32minfo[39m;"Started in port 3000"}
2022-07-12 08:42:37;[32minfo[39m;undefined}
2022-07-12 08:42:37;[31merror[39m;"TypeError: Cannot read properties of undefined (reading '0')"}
2022-07-12 08:42:53;[32minfo[39m;"Started in port 3000"}
2022-07-12 08:42:54;[32minfo[39m;[{"":14}]}
2022-07-12 08:42:59;[32minfo[39m;"Started in port 3000"}
2022-07-12 08:43:37;[32minfo[39m;"Started in port 3000"}
2022-07-12 08:43:40;[32minfo[39m;15}
2022-07-12 08:43:40;[31merror[39m;"RangeError [ERR_HTTP_INVALID_STATUS_CODE]: Invalid status code: 15"}
2022-07-12 08:43:49;[32minfo[39m;"Started in port 3000"}
2022-07-12 08:43:50;[32minfo[39m;{"":16}}
2022-07-12 08:44:48;[32minfo[39m;"Started in port 3000"}
2022-07-12 08:44:49;[32minfo[39m;17}
2022-07-12 08:44:49;[31merror[39m;"RangeError [ERR_HTTP_INVALID_STATUS_CODE]: Invalid status code: 17"}
2022-07-12 08:45:21;[32minfo[39m;"Started in port 3000"}
2022-07-12 08:45:22;[32minfo[39m;18}
2022-07-12 08:45:22;[31merror[39m;"RangeError [ERR_HTTP_INVALID_STATUS_CODE]: Invalid status code: 18"}
2022-07-12 08:45:39;[32minfo[39m;"Started in port 3000"}
2022-07-12 08:45:40;[32minfo[39m;19}
2022-07-12 08:46:03;[32minfo[39m;"Started in port 3000"}
2022-07-12 08:46:03;[32minfo[39m;20}
2022-07-12 08:46:20;[32minfo[39m;"Started in port 3000"}
2022-07-12 08:46:26;[32minfo[39m;"DELETED SUCCESFULLY"}
2022-07-12 08:46:43;[32minfo[39m;"Started in port 3000"}
2022-07-12 08:49:14;[31merror[39m;"TypeError: Cannot read properties of undefined (reading 'IMAGEN_URL')"}
2022-07-12 08:49:31;[32minfo[39m;[{"ID":5,"IMAGEN_URL":"https://imgur.com/VfHz6pZ","NOMBRE":"Homero Simpson,","EDAD":37,"PESO":120,"HISTORIA":"Homer Jay Simpson (Homero J. Simpson en Hispanoamérica y Homer J. Simpson en España) es un personaje ficticio protagonista de la serie de televisión de dibujos animados Los Simpson. Es el padre de la familia protagonista y uno de los personajes centrales y más importantes de la serie. Fue creado por el dibujante Matt Groening e hizo su debut en televisión el 19 de abril de 1987, en el corto Good Night del programa El show de Tracey Ullman. Su segundo nombre es un juego de palabras; durante muchas temporadas no se supo qué había detrás de la J hasta que en el capítulo «D'oh-in' In the Wind» descubre que su segundo nombre es Jay (nombre en inglés de la letra j); de este modo, cuando Homer pronuncia en inglés su propio nombre, no se distingue si da la letra inicial del segundo nombre o este al completo."},{"ID":6,"IMAGEN_URL":"https://imgur.com/VfHz6pZ","NOMBRE":"Homero Simpson,","EDAD":37,"PESO":120,"HISTORIA":"Homer Jay Simpson (Homero J. Simpson en Hispanoamérica y Homer J. Simpson en España) es un personaje ficticio protagonista de la serie de televisión de dibujos animados Los Simpson. Es el padre de la familia protagonista y uno de los personajes centrales y más importantes de la serie. Fue creado por el dibujante Matt Groening e hizo su debut en televisión el 19 de abril de 1987, en el corto Good Night del programa El show de Tracey Ullman. Su segundo nombre es un juego de palabras; durante muchas temporadas no se supo qué había detrás de la J hasta que en el capítulo «D'oh-in' In the Wind» descubre que su segundo nombre es Jay (nombre en inglés de la letra j); de este modo, cuando Homer pronuncia en inglés su propio nombre, no se distingue si da la letra inicial del segundo nombre o este al completo."},{"ID":7,"IMAGEN_URL":"https://imgur.com/VfHz6pZ","NOMBRE":"Homero Simpson,","EDAD":37,"PESO":120,"HISTORIA":"Homer Jay Simpson (Homero J. Simpson en Hispanoamérica y Homer J. Simpson en España) es un personaje ficticio protagonista de la serie de televisión de dibujos animados Los Simpson. Es el padre de la familia protagonista y uno de los personajes centrales y más importantes de la serie. Fue creado por el dibujante Matt Groening e hizo su debut en televisión el 19 de abril de 1987, en el corto Good Night del programa El show de Tracey Ullman. Su segundo nombre es un juego de palabras; durante muchas temporadas no se supo qué había detrás de la J hasta que en el capítulo «D'oh-in' In the Wind» descubre que su segundo nombre es Jay (nombre en inglés de la letra j); de este modo, cuando Homer pronuncia en inglés su propio nombre, no se distingue si da la letra inicial del segundo nombre o este al completo."},{"ID":8,"IMAGEN_URL":"https://imgur.com/VfHz6pZ","NOMBRE":"Homero Simpson,","EDAD":37,"PESO":120,"HISTORIA":"Homer Jay Simpson (Homero J. Simpson en Hispanoamérica y Homer J. Simpson en España) es un personaje ficticio protagonista de la serie de televisión de dibujos animados Los Simpson. Es el padre de la familia protagonista y uno de los personajes centrales y más importantes de la serie. Fue creado por el dibujante Matt Groening e hizo su debut en televisión el 19 de abril de 1987, en el corto Good Night del programa El show de Tracey Ullman. Su segundo nombre es un juego de palabras; durante muchas temporadas no se supo qué había detrás de la J hasta que en el capítulo «D'oh-in' In the Wind» descubre que su segundo nombre es Jay (nombre en inglés de la letra j); de este modo, cuando Homer pronuncia en inglés su propio nombre, no se distingue si da la letra inicial del segundo nombre o este al completo."},{"ID":9,"IMAGEN_URL":"https://imgur.com/VfHz6pZ","NOMBRE":"Homero Simpson,","EDAD":37,"PESO":120,"HISTORIA":"Homer Jay Simpson (Homero J. Simpson en Hispanoamérica y Homer J. Simpson en España) es un personaje ficticio protagonista de la serie de televisión de dibujos animados Los Simpson. Es el padre de la familia protagonista y uno de los personajes centrales y más importantes de la serie. Fue creado por el dibujante Matt Groening e hizo su debut en televisión el 19 de abril de 1987, en el corto Good Night del programa El show de Tracey Ullman. Su segundo nombre es un juego de palabras; durante muchas temporadas no se supo qué había detrás de la J hasta que en el capítulo «D'oh-in' In the Wind» descubre que su segundo nombre es Jay (nombre en inglés de la letra j); de este modo, cuando Homer pronuncia en inglés su propio nombre, no se distingue si da la letra inicial del segundo nombre o este al completo."},{"ID":10,"IMAGEN_URL":"https://imgur.com/VfHz6pZ","NOMBRE":"Homero Simpson,","EDAD":37,"PESO":120,"HISTORIA":"Homer Jay Simpson (Homero J. Simpson en Hispanoamérica y Homer J. Simpson en España) es un personaje ficticio protagonista de la serie de televisión de dibujos animados Los Simpson. Es el padre de la familia protagonista y uno de los personajes centrales y más importantes de la serie. Fue creado por el dibujante Matt Groening e hizo su debut en televisión el 19 de abril de 1987, en el corto Good Night del programa El show de Tracey Ullman. Su segundo nombre es un juego de palabras; durante muchas temporadas no se supo qué había detrás de la J hasta que en el capítulo «D'oh-in' In the Wind» descubre que su segundo nombre es Jay (nombre en inglés de la letra j); de este modo, cuando Homer pronuncia en inglés su propio nombre, no se distingue si da la letra inicial del segundo nombre o este al completo."},{"ID":11,"IMAGEN_URL":"https://imgur.com/VfHz6pZ","NOMBRE":"Homero Simpson,","EDAD":37,"PESO":120,"HISTORIA":"Homer Jay Simpson (Homero J. Simpson en Hispanoamérica y Homer J. Simpson en España) es un personaje ficticio protagonista de la serie de televisión de dibujos animados Los Simpson. Es el padre de la familia protagonista y uno de los personajes centrales y más importantes de la serie. Fue creado por el dibujante Matt Groening e hizo su debut en televisión el 19 de abril de 1987, en el corto Good Night del programa El show de Tracey Ullman. Su segundo nombre es un juego de palabras; durante muchas temporadas no se supo qué había detrás de la J hasta que en el capítulo «D'oh-in' In the Wind» descubre que su segundo nombre es Jay (nombre en inglés de la letra j); de este modo, cuando Homer pronuncia en inglés su propio nombre, no se distingue si da la letra inicial del segundo nombre o este al completo."},{"ID":12,"IMAGEN_URL":"https://imgur.com/VfHz6pZ","NOMBRE":"Homero Simpson,","EDAD":37,"PESO":120,"HISTORIA":"Homer Jay Simpson (Homero J. Simpson en Hispanoamérica y Homer J. Simpson en España) es un personaje ficticio protagonista de la serie de televisión de dibujos animados Los Simpson. Es el padre de la familia protagonista y uno de los personajes centrales y más importantes de la serie. Fue creado por el dibujante Matt Groening e hizo su debut en televisión el 19 de abril de 1987, en el corto Good Night del programa El show de Tracey Ullman. Su segundo nombre es un juego de palabras; durante muchas temporadas no se supo qué había detrás de la J hasta que en el capítulo «D'oh-in' In the Wind» descubre que su segundo nombre es Jay (nombre en inglés de la letra j); de este modo, cuando Homer pronuncia en inglés su propio nombre, no se distingue si da la letra inicial del segundo nombre o este al completo."},{"ID":13,"IMAGEN_URL":"https://imgur.com/VfHz6pZ","NOMBRE":"Homero Simpson,","EDAD":37,"PESO":120,"HISTORIA":"Homer Jay Simpson (Homero J. Simpson en Hispanoamérica y Homer J. Simpson en España) es un personaje ficticio protagonista de la serie de televisión de dibujos animados Los Simpson. Es el padre de la familia protagonista y uno de los personajes centrales y más importantes de la serie. Fue creado por el dibujante Matt Groening e hizo su debut en televisión el 19 de abril de 1987, en el corto Good Night del programa El show de Tracey Ullman. Su segundo nombre es un juego de palabras; durante muchas temporadas no se supo qué había detrás de la J hasta que en el capítulo «D'oh-in' In the Wind» descubre que su segundo nombre es Jay (nombre en inglés de la letra j); de este modo, cuando Homer pronuncia en inglés su propio nombre, no se distingue si da la letra inicial del segundo nombre o este al completo."},{"ID":14,"IMAGEN_URL":"https://imgur.com/VfHz6pZ","NOMBRE":"Homero Simpson,","EDAD":37,"PESO":120,"HISTORIA":"Homer Jay Simpson (Homero J. Simpson en Hispanoamérica y Homer J. Simpson en España) es un personaje ficticio protagonista de la serie de televisión de dibujos animados Los Simpson. Es el padre de la familia protagonista y uno de los personajes centrales y más importantes de la serie. Fue creado por el dibujante Matt Groening e hizo su debut en televisión el 19 de abril de 1987, en el corto Good Night del programa El show de Tracey Ullman. Su segundo nombre es un juego de palabras; durante muchas temporadas no se supo qué había detrás de la J hasta que en el capítulo «D'oh-in' In the Wind» descubre que su segundo nombre es Jay (nombre en inglés de la letra j); de este modo, cuando Homer pronuncia en inglés su propio nombre, no se distingue si da la letra inicial del segundo nombre o este al completo."},{"ID":15,"IMAGEN_URL":"https://imgur.com/VfHz6pZ","NOMBRE":"Homero Simpson,","EDAD":37,"PESO":120,"HISTORIA":"Homer Jay Simpson (Homero J. Simpson en Hispanoamérica y Homer J. Simpson en España) es un personaje ficticio protagonista de la serie de televisión de dibujos animados Los Simpson. Es el padre de la familia protagonista y uno de los personajes centrales y más importantes de la serie. Fue creado por el dibujante Matt Groening e hizo su debut en televisión el 19 de abril de 1987, en el corto Good Night del programa El show de Tracey Ullman. Su segundo nombre es un juego de palabras; durante muchas temporadas no se supo qué había detrás de la J hasta que en el capítulo «D'oh-in' In the Wind» descubre que su segundo nombre es Jay (nombre en inglés de la letra j); de este modo, cuando Homer pronuncia en inglés su propio nombre, no se distingue si da la letra inicial del segundo nombre o este al completo."},{"ID":16,"IMAGEN_URL":"https://imgur.com/VfHz6pZ","NOMBRE":"Homero Simpson,","EDAD":37,"PESO":120,"HISTORIA":"Homer Jay Simpson (Homero J. Simpson en Hispanoamérica y Homer J. Simpson en España) es un personaje ficticio protagonista de la serie de televisión de dibujos animados Los Simpson. Es el padre de la familia protagonista y uno de los personajes centrales y más importantes de la serie. Fue creado por el dibujante Matt Groening e hizo su debut en televisión el 19 de abril de 1987, en el corto Good Night del programa El show de Tracey Ullman. Su segundo nombre es un juego de palabras; durante muchas temporadas no se supo qué había detrás de la J hasta que en el capítulo «D'oh-in' In the Wind» descubre que su segundo nombre es Jay (nombre en inglés de la letra j); de este modo, cuando Homer pronuncia en inglés su propio nombre, no se distingue si da la letra inicial del segundo nombre o este al completo."},{"ID":17,"IMAGEN_URL":"https://imgur.com/VfHz6pZ","NOMBRE":"Homero Simpson,","EDAD":37,"PESO":120,"HISTORIA":"Homer Jay Simpson (Homero J. Simpson en Hispanoamérica y Homer J. Simpson en España) es un personaje ficticio protagonista de la serie de televisión de dibujos animados Los Simpson. Es el padre de la familia protagonista y uno de los personajes centrales y más importantes de la serie. Fue creado por el dibujante Matt Groening e hizo su debut en televisión el 19 de abril de 1987, en el corto Good Night del programa El show de Tracey Ullman. Su segundo nombre es un juego de palabras; durante muchas temporadas no se supo qué había detrás de la J hasta que en el capítulo «D'oh-in' In the Wind» descubre que su segundo nombre es Jay (nombre en inglés de la letra j); de este modo, cuando Homer pronuncia en inglés su propio nombre, no se distingue si da la letra inicial del segundo nombre o este al completo."},{"ID":19,"IMAGEN_URL":"https://imgur.com/VfHz6pZ","NOMBRE":"Homero Simpson,","EDAD":37,"PESO":120,"HISTORIA":"Homer Jay Simpson (Homero J. Simpson en Hispanoamérica y Homer J. Simpson en España) es un personaje ficticio protagonista de la serie de televisión de dibujos animados Los Simpson. Es el padre de la familia protagonista y uno de los personajes centrales y más importantes de la serie. Fue creado por el dibujante Matt Groening e hizo su debut en televisión el 19 de abril de 1987, en el corto Good Night del programa El show de Tracey Ullman. Su segundo nombre es un juego de palabras; durante muchas temporadas no se supo qué había detrás de la J hasta que en el capítulo «D'oh-in' In the Wind» descubre que su segundo nombre es Jay (nombre en inglés de la letra j); de este modo, cuando Homer pronuncia en inglés su propio nombre, no se distingue si da la letra inicial del segundo nombre o este al completo."},{"ID":20,"IMAGEN_URL":"https://imgur.com/VfHz6pZ","NOMBRE":"Homero Simpson,","EDAD":37,"PESO":120,"HISTORIA":"Homer Jay Simpson (Homero J. Simpson en Hispanoamérica y Homer J. Simpson en España) es un personaje ficticio protagonista de la serie de televisión de dibujos animados Los Simpson. Es el padre de la familia protagonista y uno de los personajes centrales y más importantes de la serie. Fue creado por el dibujante Matt Groening e hizo su debut en televisión el 19 de abril de 1987, en el corto Good Night del programa El show de Tracey Ullman. Su segundo nombre es un juego de palabras; durante muchas temporadas no se supo qué había detrás de la J hasta que en el capítulo «D'oh-in' In the Wind» descubre que su segundo nombre es Jay (nombre en inglés de la letra j); de este modo, cuando Homer pronuncia en inglés su propio nombre, no se distingue si da la letra inicial del segundo nombre o este al completo."}]}
2022-07-12 08:49:37;[31merror[39m;"TypeError: Cannot read properties of undefined (reading 'IMAGEN_URL')"}
2022-07-12 08:50:47;[32minfo[39m;"Started in port 3000"}
2022-07-12 08:50:49;[31merror[39m;"TypeError: Cannot read properties of undefined (reading 'IMAGEN_URL')"}
2022-07-12 08:51:05;[32minfo[39m;"Started in port 3000"}
2022-07-12 08:51:07;[31merror[39m;"TypeError: Cannot read properties of undefined (reading 'IMAGEN_URL')"}
2022-07-12 08:51:20;[31merror[39m;"TypeError: Cannot read properties of undefined (reading 'IMAGEN_URL')"}
2022-07-12 08:51:36;[32minfo[39m;"Started in port 3000"}
2022-07-12 08:51:38;[32minfo[39m;undefined}
2022-07-12 08:51:38;[31merror[39m;"TypeError: Cannot read properties of undefined (reading '0')"}
2022-07-12 08:52:13;[32minfo[39m;"Started in port 3000"}
2022-07-12 08:52:14;[32minfo[39m;undefined}
2022-07-12 08:52:14;[31merror[39m;"TypeError: Cannot read properties of undefined (reading '0')"}
2022-07-12 08:52:47;[32minfo[39m;"Started in port 3000"}
2022-07-12 08:52:49;[32minfo[39m;"DELETED SUCCESFULLY"}
2022-07-12 08:52:57;[32minfo[39m;"ERROR :C"}
2022-07-12 08:53:08;[32minfo[39m;"Started in port 3000"}
2022-07-14 07:53:14;[32minfo[39m;"Started in port 3000"}
2022-07-14 07:54:26;[32minfo[39m;[]}
2022-07-14 07:55:34;[32minfo[39m;1}
2022-07-14 07:55:37;[32minfo[39m;[{"ID":1,"IMAGEN_URL":"https://imgur.com/VfHz6pZ","NOMBRE":"Homero Simpson,","EDAD":37,"PESO":120,"HISTORIA":"Homer Jay Simpson (Homero J. Simpson en Hispanoamérica y Homer J. Simpson en España) es un personaje ficticio protagonista de la serie de televisión de dibujos animados Los Simpson. Es el padre de la familia protagonista y uno de los personajes centrales y más importantes de la serie. Fue creado por el dibujante Matt Groening e hizo su debut en televisión el 19 de abril de 1987, en el corto Good Night del programa El show de Tracey Ullman. Su segundo nombre es un juego de palabras; durante muchas temporadas no se supo qué había detrás de la J hasta que en el capítulo «D'oh-in' In the Wind» descubre que su segundo nombre es Jay (nombre en inglés de la letra j); de este modo, cuando Homer pronuncia en inglés su propio nombre, no se distingue si da la letra inicial del segundo nombre o este al completo."}]}
2022-07-14 08:00:45;[32minfo[39m;"Started in port 3000"}
2022-07-14 08:01:13;[32minfo[39m;"Started in port 3000"}
2022-07-14 08:09:16;[32minfo[39m;"Started in port 3000"}
2022-07-14 08:10:07;[32minfo[39m;"Started in port 3000"}
2022-07-14 08:10:52;[32minfo[39m;"Started in port 3000"}
2022-07-14 08:11:39;[32minfo[39m;"Started in port 3000"}
2022-07-14 08:11:43;[32minfo[39m;[{"ID":1,"IMAGEN_URL":"https://imgur.com/VfHz6pZ","NOMBRE":"Homero Simpson,","EDAD":37,"PESO":120,"HISTORIA":"Homer Jay Simpson (Homero J. Simpson en Hispanoamérica y Homer J. Simpson en España) es un personaje ficticio protagonista de la serie de televisión de dibujos animados Los Simpson. Es el padre de la familia protagonista y uno de los personajes centrales y más importantes de la serie. Fue creado por el dibujante Matt Groening e hizo su debut en televisión el 19 de abril de 1987, en el corto Good Night del programa El show de Tracey Ullman. Su segundo nombre es un juego de palabras; durante muchas temporadas no se supo qué había detrás de la J hasta que en el capítulo «D'oh-in' In the Wind» descubre que su segundo nombre es Jay (nombre en inglés de la letra j); de este modo, cuando Homer pronuncia en inglés su propio nombre, no se distingue si da la letra inicial del segundo nombre o este al completo."}]}
2022-07-14 08:11:59;[32minfo[39m;[{"ID":1,"IMAGEN_URL":"https://imgur.com/VfHz6pZ","NOMBRE":"Homero Simpson,","EDAD":37,"PESO":120,"HISTORIA":"Homer Jay Simpson (Homero J. Simpson en Hispanoamérica y Homer J. Simpson en España) es un personaje ficticio protagonista de la serie de televisión de dibujos animados Los Simpson. Es el padre de la familia protagonista y uno de los personajes centrales y más importantes de la serie. Fue creado por el dibujante Matt Groening e hizo su debut en televisión el 19 de abril de 1987, en el corto Good Night del programa El show de Tracey Ullman. Su segundo nombre es un juego de palabras; durante muchas temporadas no se supo qué había detrás de la J hasta que en el capítulo «D'oh-in' In the Wind» descubre que su segundo nombre es Jay (nombre en inglés de la letra j); de este modo, cuando Homer pronuncia en inglés su propio nombre, no se distingue si da la letra inicial del segundo nombre o este al completo."}]}
2022-07-14 08:12:08;[32minfo[39m;"Started in port 3000"}
2022-07-14 08:12:10;[32minfo[39m;[{"ID":1,"IMAGEN_URL":"https://imgur.com/VfHz6pZ","NOMBRE":"Homero Simpson,","EDAD":37,"PESO":120,"HISTORIA":"Homer Jay Simpson (Homero J. Simpson en Hispanoamérica y Homer J. Simpson en España) es un personaje ficticio protagonista de la serie de televisión de dibujos animados Los Simpson. Es el padre de la familia protagonista y uno de los personajes centrales y más importantes de la serie. Fue creado por el dibujante Matt Groening e hizo su debut en televisión el 19 de abril de 1987, en el corto Good Night del programa El show de Tracey Ullman. Su segundo nombre es un juego de palabras; durante muchas temporadas no se supo qué había detrás de la J hasta que en el capítulo «D'oh-in' In the Wind» descubre que su segundo nombre es Jay (nombre en inglés de la letra j); de este modo, cuando Homer pronuncia en inglés su propio nombre, no se distingue si da la letra inicial del segundo nombre o este al completo."}]}
2022-07-14 08:12:17;[32minfo[39m;[{"ID":1,"IMAGEN_URL":"https://imgur.com/VfHz6pZ","NOMBRE":"Homero Simpson,","EDAD":37,"PESO":120,"HISTORIA":"Homer Jay Simpson (Homero J. Simpson en Hispanoamérica y Homer J. Simpson en España) es un personaje ficticio protagonista de la serie de televisión de dibujos animados Los Simpson. Es el padre de la familia protagonista y uno de los personajes centrales y más importantes de la serie. Fue creado por el dibujante Matt Groening e hizo su debut en televisión el 19 de abril de 1987, en el corto Good Night del programa El show de Tracey Ullman. Su segundo nombre es un juego de palabras; durante muchas temporadas no se supo qué había detrás de la J hasta que en el capítulo «D'oh-in' In the Wind» descubre que su segundo nombre es Jay (nombre en inglés de la letra j); de este modo, cuando Homer pronuncia en inglés su propio nombre, no se distingue si da la letra inicial del segundo nombre o este al completo."}]}
2022-07-14 08:13:43;[32minfo[39m;"Started in port 3000"}
2022-07-14 08:13:58;[32minfo[39m;"Started in port 3000"}
2022-07-14 08:14:15;[32minfo[39m;"Started in port 3000"}
2022-07-14 08:14:27;[32minfo[39m;"Started in port 3000"}
2022-07-14 08:15:47;[32minfo[39m;"Started in port 3000"}
2022-07-14 08:16:02;[32minfo[39m;"Started in port 3000"}
2022-07-14 08:16:07;[32minfo[39m;"Started in port 3000"}
2022-07-14 08:16:10;[32minfo[39m;"Started in port 3000"}
2022-07-14 08:16:14;[31merror[39m;"TypeError: Cannot read properties of undefined (reading 'recordset')"}
2022-07-14 08:16:53;[32minfo[39m;"Started in port 3000"}
2022-07-14 08:16:54;[31merror[39m;"TypeError: Cannot read properties of undefined (reading 'recordset')"}
2022-07-14 08:24:54;[32minfo[39m;"Started in port 3000"}
2022-07-14 08:25:11;[31merror[39m;"TypeError: Cannot read properties of undefined (reading 'recordset')"}
2022-07-14 08:26:01;[32minfo[39m;"Started in port 3000"}
2022-07-14 08:26:02;[31merror[39m;"TypeError: Cannot read properties of undefined (reading 'recordset')"}
2022-07-14 08:26:15;[32minfo[39m;"Started in port 3000"}
2022-07-14 08:26:16;[31merror[39m;"TypeError: Cannot read properties of undefined (reading 'recordset')"}
2022-07-14 08:26:26;[32minfo[39m;"Started in port 3000"}
2022-07-14 08:26:26;[31merror[39m;"TypeError: Cannot read properties of undefined (reading 'recordset')"}
2022-07-14 08:26:33;[31merror[39m;"TODO MAL"}
2022-07-14 08:26:42;[32minfo[39m;"Started in port 3000"}
2022-07-14 08:26:46;[32minfo[39m;"Started in port 3000"}
2022-07-14 08:26:48;[31merror[39m;"TODO MAL"}
2022-07-14 08:27:27;[32minfo[39m;"Started in port 3000"}
2022-07-14 08:27:29;[31merror[39m;"TODO MAL"}
2022-07-14 08:27:37;[32minfo[39m;"Started in port 3000"}
2022-07-14 08:27:39;[31merror[39m;"TODO MAL"}
2022-07-14 08:27:57;[32minfo[39m;"Started in port 3000"}
2022-07-14 08:27:58;[32minfo[39m;"Started in port 3000"}
2022-07-14 08:27:59;[31merror[39m;"TODO MAL"}
2022-07-14 08:28:02;[31merror[39m;"TODO MAL"}
2022-07-14 08:28:24;[32minfo[39m;"Started in port 3000"}
2022-07-14 08:28:25;[31merror[39m;"TODO MAL"}
2022-07-14 08:28:32;[32minfo[39m;"Started in port 3000"}
2022-07-14 08:28:32;[31merror[39m;"TODO MAL"}
2022-07-14 08:28:37;[32minfo[39m;"Started in port 3000"}
2022-07-14 08:28:38;[31merror[39m;"TODO MAL"}
2022-07-14 08:28:46;[32minfo[39m;"Started in port 3000"}
2022-07-14 08:28:46;[31merror[39m;"TODO MAL"}
2022-07-14 08:28:57;[32minfo[39m;"Started in port 3000"}
2022-07-14 08:28:58;[31merror[39m;"TODO MAL"}
2022-07-14 08:29:03;[32minfo[39m;"Started in port 3000"}
2022-07-14 08:29:33;[32minfo[39m;"Started in port 3000"}
2022-07-14 08:29:35;[31merror[39m;"TODO MAL"}
2022-07-14 08:29:44;[32minfo[39m;"Started in port 3000"}
2022-07-14 08:30:05;[32minfo[39m;"Started in port 3000"}
2022-07-14 08:30:05;[32minfo[39m;[{"ID":1,"IMAGEN_URL":"https://imgur.com/VfHz6pZ","NOMBRE":"Homero Simpson,","EDAD":37,"PESO":120,"HISTORIA":"Homer Jay Simpson (Homero J. Simpson en Hispanoamérica y Homer J. Simpson en España) es un personaje ficticio protagonista de la serie de televisión de dibujos animados Los Simpson. Es el padre de la familia protagonista y uno de los personajes centrales y más importantes de la serie. Fue creado por el dibujante Matt Groening e hizo su debut en televisión el 19 de abril de 1987, en el corto Good Night del programa El show de Tracey Ullman. Su segundo nombre es un juego de palabras; durante muchas temporadas no se supo qué había detrás de la J hasta que en el capítulo «D'oh-in' In the Wind» descubre que su segundo nombre es Jay (nombre en inglés de la letra j); de este modo, cuando Homer pronuncia en inglés su propio nombre, no se distingue si da la letra inicial del segundo nombre o este al completo."}]}
2022-07-14 08:30:10;[31merror[39m;"TypeError: Cannot read properties of undefined (reading 'recordset')"}
2022-07-14 08:30:16;[32minfo[39m;"Started in port 3000"}
2022-07-14 08:30:57;[32minfo[39m;"Started in port 3000"}
2022-07-14 08:32:41;[32minfo[39m;"Started in port 3000"}
2022-07-14 08:32:43;[32minfo[39m;"Started in port 3000"}
2022-07-14 08:32:46;[31merror[39m;"TypeError: Cannot read properties of undefined (reading 'recordset')"}
2022-07-14 08:32:57;[32minfo[39m;"Started in port 3000"}
2022-07-14 08:32:58;[31merror[39m;"TypeError: Cannot read properties of undefined (reading 'recordset')"}
2022-07-14 08:33:40;[32minfo[39m;"Started in port 3000"}
2022-07-14 08:33:47;[32minfo[39m;"Started in port 3000"}
2022-07-14 08:33:50;[32minfo[39m;"Started in port 3000"}
2022-07-14 08:33:50;[32minfo[39m;[{"ID":1,"IMAGEN_URL":"https://imgur.com/VfHz6pZ","NOMBRE":"Homero Simpson,","EDAD":37,"PESO":120,"HISTORIA":"Homer Jay Simpson (Homero J. Simpson en Hispanoamérica y Homer J. Simpson en España) es un personaje ficticio protagonista de la serie de televisión de dibujos animados Los Simpson. Es el padre de la familia protagonista y uno de los personajes centrales y más importantes de la serie. Fue creado por el dibujante Matt Groening e hizo su debut en televisión el 19 de abril de 1987, en el corto Good Night del programa El show de Tracey Ullman. Su segundo nombre es un juego de palabras; durante muchas temporadas no se supo qué había detrás de la J hasta que en el capítulo «D'oh-in' In the Wind» descubre que su segundo nombre es Jay (nombre en inglés de la letra j); de este modo, cuando Homer pronuncia en inglés su propio nombre, no se distingue si da la letra inicial del segundo nombre o este al completo."}]}
2022-07-14 08:33:57;[32minfo[39m;[]}
2022-07-14 08:34:07;[32minfo[39m;"Started in port 3000"}
2022-07-14 08:35:50;[32minfo[39m;[{"ID":1,"IMAGEN_URL":"https://imgur.com/VfHz6pZ","NOMBRE":"Homero Simpson,","EDAD":37,"PESO":120,"HISTORIA":"Homer Jay Simpson (Homero J. Simpson en Hispanoamérica y Homer J. Simpson en España) es un personaje ficticio protagonista de la serie de televisión de dibujos animados Los Simpson. Es el padre de la familia protagonista y uno de los personajes centrales y más importantes de la serie. Fue creado por el dibujante Matt Groening e hizo su debut en televisión el 19 de abril de 1987, en el corto Good Night del programa El show de Tracey Ullman. Su segundo nombre es un juego de palabras; durante muchas temporadas no se supo qué había detrás de la J hasta que en el capítulo «D'oh-in' In the Wind» descubre que su segundo nombre es Jay (nombre en inglés de la letra j); de este modo, cuando Homer pronuncia en inglés su propio nombre, no se distingue si da la letra inicial del segundo nombre o este al completo."},{"ID":3,"IMAGEN_URL":"d","NOMBRE":"Marge Simpson","EDAD":44,"PESO":44,"HISTORIA":"dddd"}]}
2022-07-14 08:35:59;[32minfo[39m;[{"ID":1,"IMAGEN_URL":"https://imgur.com/VfHz6pZ","NOMBRE":"Homero Simpson,","EDAD":37,"PESO":120,"HISTORIA":"Homer Jay Simpson (Homero J. Simpson en Hispanoamérica y Homer J. Simpson en España) es un personaje ficticio protagonista de la serie de televisión de dibujos animados Los Simpson. Es el padre de la familia protagonista y uno de los personajes centrales y más importantes de la serie. Fue creado por el dibujante Matt Groening e hizo su debut en televisión el 19 de abril de 1987, en el corto Good Night del programa El show de Tracey Ullman. Su segundo nombre es un juego de palabras; durante muchas temporadas no se supo qué había detrás de la J hasta que en el capítulo «D'oh-in' In the Wind» descubre que su segundo nombre es Jay (nombre en inglés de la letra j); de este modo, cuando Homer pronuncia en inglés su propio nombre, no se distingue si da la letra inicial del segundo nombre o este al completo."}]}
2022-07-14 08:37:06;[32minfo[39m;"Started in port 3000"}
2022-07-14 08:37:18;[32minfo[39m;"Started in port 3000"}
2022-07-14 08:37:45;[32minfo[39m;"Started in port 3000"}
2022-07-14 08:38:29;[32minfo[39m;"Started in port 3000"}
2022-07-14 08:38:47;[32minfo[39m;"Started in port 3000"}
2022-07-14 08:39:08;[32minfo[39m;"Started in port 3000"}
2022-07-14 08:39:09;[32minfo[39m;"Started in port 3000"}
2022-07-14 08:39:13;[32minfo[39m;[{"ID":1,"IMAGEN_URL":"https://imgur.com/VfHz6pZ","NOMBRE":"Homero Simpson,","EDAD":37,"PESO":120,"HISTORIA":"Homer Jay Simpson (Homero J. Simpson en Hispanoamérica y Homer J. Simpson en España) es un personaje ficticio protagonista de la serie de televisión de dibujos animados Los Simpson. Es el padre de la familia protagonista y uno de los personajes centrales y más importantes de la serie. Fue creado por el dibujante Matt Groening e hizo su debut en televisión el 19 de abril de 1987, en el corto Good Night del programa El show de Tracey Ullman. Su segundo nombre es un juego de palabras; durante muchas temporadas no se supo qué había detrás de la J hasta que en el capítulo «D'oh-in' In the Wind» descubre que su segundo nombre es Jay (nombre en inglés de la letra j); de este modo, cuando Homer pronuncia en inglés su propio nombre, no se distingue si da la letra inicial del segundo nombre o este al completo."}]}
2022-07-14 08:39:17;[32minfo[39m;[{"ID":1,"IMAGEN_URL":"https://imgur.com/VfHz6pZ","NOMBRE":"Homero Simpson,","EDAD":37,"PESO":120,"HISTORIA":"Homer Jay Simpson (Homero J. Simpson en Hispanoamérica y Homer J. Simpson en España) es un personaje ficticio protagonista de la serie de televisión de dibujos animados Los Simpson. Es el padre de la familia protagonista y uno de los personajes centrales y más importantes de la serie. Fue creado por el dibujante Matt Groening e hizo su debut en televisión el 19 de abril de 1987, en el corto Good Night del programa El show de Tracey Ullman. Su segundo nombre es un juego de palabras; durante muchas temporadas no se supo qué había detrás de la J hasta que en el capítulo «D'oh-in' In the Wind» descubre que su segundo nombre es Jay (nombre en inglés de la letra j); de este modo, cuando Homer pronuncia en inglés su propio nombre, no se distingue si da la letra inicial del segundo nombre o este al completo."}]}
2022-07-14 08:39:20;[32minfo[39m;[{"ID":1,"IMAGEN_URL":"https://imgur.com/VfHz6pZ","NOMBRE":"Homero Simpson,","EDAD":37,"PESO":120,"HISTORIA":"Homer Jay Simpson (Homero J. Simpson en Hispanoamérica y Homer J. Simpson en España) es un personaje ficticio protagonista de la serie de televisión de dibujos animados Los Simpson. Es el padre de la familia protagonista y uno de los personajes centrales y más importantes de la serie. Fue creado por el dibujante Matt Groening e hizo su debut en televisión el 19 de abril de 1987, en el corto Good Night del programa El show de Tracey Ullman. Su segundo nombre es un juego de palabras; durante muchas temporadas no se supo qué había detrás de la J hasta que en el capítulo «D'oh-in' In the Wind» descubre que su segundo nombre es Jay (nombre en inglés de la letra j); de este modo, cuando Homer pronuncia en inglés su propio nombre, no se distingue si da la letra inicial del segundo nombre o este al completo."},{"ID":3,"IMAGEN_URL":"d","NOMBRE":"Marge Simpson","EDAD":44,"PESO":44,"HISTORIA":"dddd"}]}
2022-07-14 08:39:44;[32minfo[39m;[{"ID":1,"IMAGEN_URL":"https://imgur.com/VfHz6pZ","NOMBRE":"Homero Simpson,","EDAD":37,"PESO":120,"HISTORIA":"Homer Jay Simpson (Homero J. Simpson en Hispanoamérica y Homer J. Simpson en España) es un personaje ficticio protagonista de la serie de televisión de dibujos animados Los Simpson. Es el padre de la familia protagonista y uno de los personajes centrales y más importantes de la serie. Fue creado por el dibujante Matt Groening e hizo su debut en televisión el 19 de abril de 1987, en el corto Good Night del programa El show de Tracey Ullman. Su segundo nombre es un juego de palabras; durante muchas temporadas no se supo qué había detrás de la J hasta que en el capítulo «D'oh-in' In the Wind» descubre que su segundo nombre es Jay (nombre en inglés de la letra j); de este modo, cuando Homer pronuncia en inglés su propio nombre, no se distingue si da la letra inicial del segundo nombre o este al completo."},{"ID":3,"IMAGEN_URL":"d","NOMBRE":"Marge Simpson","EDAD":44,"PESO":44,"HISTORIA":"dddd"}]}
2022-07-14 08:39:52;[32minfo[39m;[{"ID":1,"IMAGEN_URL":"https://imgur.com/VfHz6pZ","NOMBRE":"Homero Simpson,","EDAD":37,"PESO":120,"HISTORIA":"Homer Jay Simpson (Homero J. Simpson en Hispanoamérica y Homer J. Simpson en España) es un personaje ficticio protagonista de la serie de televisión de dibujos animados Los Simpson. Es el padre de la familia protagonista y uno de los personajes centrales y más importantes de la serie. Fue creado por el dibujante Matt Groening e hizo su debut en televisión el 19 de abril de 1987, en el corto Good Night del programa El show de Tracey Ullman. Su segundo nombre es un juego de palabras; durante muchas temporadas no se supo qué había detrás de la J hasta que en el capítulo «D'oh-in' In the Wind» descubre que su segundo nombre es Jay (nombre en inglés de la letra j); de este modo, cuando Homer pronuncia en inglés su propio nombre, no se distingue si da la letra inicial del segundo nombre o este al completo."},{"ID":3,"IMAGEN_URL":"d","NOMBRE":"Marge Simpson","EDAD":44,"PESO":44,"HISTORIA":"dddd"}]}
2022-07-14 08:39:57;[32minfo[39m;[{"ID":1,"IMAGEN_URL":"https://imgur.com/VfHz6pZ","NOMBRE":"Homero Simpson,","EDAD":37,"PESO":120,"HISTORIA":"Homer Jay Simpson (Homero J. Simpson en Hispanoamérica y Homer J. Simpson en España) es un personaje ficticio protagonista de la serie de televisión de dibujos animados Los Simpson. Es el padre de la familia protagonista y uno de los personajes centrales y más importantes de la serie. Fue creado por el dibujante Matt Groening e hizo su debut en televisión el 19 de abril de 1987, en el corto Good Night del programa El show de Tracey Ullman. Su segundo nombre es un juego de palabras; durante muchas temporadas no se supo qué había detrás de la J hasta que en el capítulo «D'oh-in' In the Wind» descubre que su segundo nombre es Jay (nombre en inglés de la letra j); de este modo, cuando Homer pronuncia en inglés su propio nombre, no se distingue si da la letra inicial del segundo nombre o este al completo."},{"ID":3,"IMAGEN_URL":"d","NOMBRE":"Marge Simpson","EDAD":44,"PESO":44,"HISTORIA":"dddd"}]}
2022-07-14 08:40:04;[31merror[39m;"RequestError: Invalid object name 'PERSONAJE'."}
2022-07-14 08:40:14;[32minfo[39m;"Started in port 3000"}
2022-07-14 08:40:16;[32minfo[39m;[{"ID":3,"IMAGEN_URL":"d","NOMBRE":"Marge Simpson","EDAD":44,"PESO":44,"HISTORIA":"dddd"}]}
2022-07-14 08:40:19;[32minfo[39m;[{"ID":1,"IMAGEN_URL":"https://imgur.com/VfHz6pZ","NOMBRE":"Homero Simpson,","EDAD":37,"PESO":120,"HISTORIA":"Homer Jay Simpson (Homero J. Simpson en Hispanoamérica y Homer J. Simpson en España) es un personaje ficticio protagonista de la serie de televisión de dibujos animados Los Simpson. Es el padre de la familia protagonista y uno de los personajes centrales y más importantes de la serie. Fue creado por el dibujante Matt Groening e hizo su debut en televisión el 19 de abril de 1987, en el corto Good Night del programa El show de Tracey Ullman. Su segundo nombre es un juego de palabras; durante muchas temporadas no se supo qué había detrás de la J hasta que en el capítulo «D'oh-in' In the Wind» descubre que su segundo nombre es Jay (nombre en inglés de la letra j); de este modo, cuando Homer pronuncia en inglés su propio nombre, no se distingue si da la letra inicial del segundo nombre o este al completo."},{"ID":3,"IMAGEN_URL":"d","NOMBRE":"Marge Simpson","EDAD":44,"PESO":44,"HISTORIA":"dddd"}]}
2022-07-14 08:40:34;[32minfo[39m;[{"ID":1,"IMAGEN_URL":"https://imgur.com/VfHz6pZ","NOMBRE":"Homero Simpson,","EDAD":37,"PESO":120,"HISTORIA":"Homer Jay Simpson (Homero J. Simpson en Hispanoamérica y Homer J. Simpson en España) es un personaje ficticio protagonista de la serie de televisión de dibujos animados Los Simpson. Es el padre de la familia protagonista y uno de los personajes centrales y más importantes de la serie. Fue creado por el dibujante Matt Groening e hizo su debut en televisión el 19 de abril de 1987, en el corto Good Night del programa El show de Tracey Ullman. Su segundo nombre es un juego de palabras; durante muchas temporadas no se supo qué había detrás de la J hasta que en el capítulo «D'oh-in' In the Wind» descubre que su segundo nombre es Jay (nombre en inglés de la letra j); de este modo, cuando Homer pronuncia en inglés su propio nombre, no se distingue si da la letra inicial del segundo nombre o este al completo."}]}
